# JRE version: Java(TM) SE Runtime Environment (8.0_111-b14) (build 1.8.0_111-b14)
# Java VM: Java HotSpot(TM) Server VM (25.111-b14 mixed mode linux-x86 )
Heap:
 PSYoungGen      total 139264K, used 14326K [0x91ac0000, 0x9b2c0000, 0xa7000000)
  eden space 124928K, 0% used [0x91ac0000,0x91ac0000,0x994c0000)
  from space 14336K, 99% used [0x994c0000,0x9a2bd818,0x9a2c0000)
  to   space 12288K, 0% used [0x9a2c0000,0x9a2c0000,0x9aec0000)
 ParOldGen       total 42496K, used 34167K [0x67000000, 0x69980000, 0x91ac0000)
  object space 42496K, 80% used [0x67000000,0x6915def8,0x69980000)
 Metaspace       used 4327K, capacity 4358K, committed 4376K, reserved 4400K
GC Heap History (10 events):
Event: 1.613 GC heap after
Heap after GC invocations=2 (full 0):
 PSYoungGen      total 34304K, used 2556K [0x91ac0000, 0x93ec0000, 0xa7000000)
  eden space 31744K, 0% used [0x91ac0000,0x91ac0000,0x939c0000)
  from space 2560K, 99% used [0x93c40000,0x93ebf108,0x93ec0000)
  to   space 2560K, 0% used [0x939c0000,0x939c0000,0x93c40000)
 ParOldGen       total 42496K, used 3323K [0x67000000, 0x69980000, 0x91ac0000)
  object space 42496K, 7% used [0x67000000,0x6733ece8,0x69980000)
 Metaspace       used 3794K, capacity 3814K, committed 3864K, reserved 4400K
}
Event: 2.198 GC heap before
{Heap before GC invocations=3 (full 0):
 PSYoungGen      total 34304K, used 34300K [0x91ac0000, 0x93ec0000, 0xa7000000)
  eden space 31744K, 100% used [0x91ac0000,0x939c0000,0x939c0000)
  from space 2560K, 99% used [0x93c40000,0x93ebf108,0x93ec0000)
  to   space 2560K, 0% used [0x939c0000,0x939c0000,0x93c40000)
 ParOldGen       total 42496K, used 3323K [0x67000000, 0x69980000, 0x91ac0000)
  object space 42496K, 7% used [0x67000000,0x6733ece8,0x69980000)
 Metaspace       used 3840K, capacity 3878K, committed 3992K, reserved 4400K
Event: 2.251 GC heap after
Heap after GC invocations=3 (full 0):
 PSYoungGen      total 34304K, used 2553K [0x91ac0000, 0x95dc0000, 0xa7000000)
  eden space 31744K, 0% used [0x91ac0000,0x91ac0000,0x939c0000)
  from space 2560K, 99% used [0x939c0000,0x93c3e490,0x93c40000)
  to   space 2560K, 0% used [0x95b40000,0x95b40000,0x95dc0000)
 ParOldGen       total 42496K, used 8486K [0x67000000, 0x69980000, 0x91ac0000)
  object space 42496K, 19% used [0x67000000,0x67849a78,0x69980000)
 Metaspace       used 3840K, capacity 3878K, committed 3992K, reserved 4400K
}
Event: 2.772 GC heap before
{Heap before GC invocations=4 (full 0):
 PSYoungGen      total 34304K, used 34297K [0x91ac0000, 0x95dc0000, 0xa7000000)
  eden space 31744K, 100% used [0x91ac0000,0x939c0000,0x939c0000)
  from space 2560K, 99% used [0x939c0000,0x93c3e490,0x93c40000)
  to   space 2560K, 0% used [0x95b40000,0x95b40000,0x95dc0000)
 ParOldGen       total 42496K, used 8486K [0x67000000, 0x69980000, 0x91ac0000)
  object space 42496K, 19% used [0x67000000,0x67849a78,0x69980000)
 Metaspace       used 3938K, capacity 3974K, committed 3992K, reserved 4400K
Event: 2.834 GC heap after
Heap after GC invocations=4 (full 0):
 PSYoungGen      total 66048K, used 2548K [0x91ac0000, 0x95dc0000, 0xa7000000)
  eden space 63488K, 0% used [0x91ac0000,0x91ac0000,0x958c0000)
  from space 2560K, 99% used [0x95b40000,0x95dbd3b8,0x95dc0000)
  to   space 2560K, 0% used [0x958c0000,0x958c0000,0x95b40000)
 ParOldGen       total 42496K, used 13325K [0x67000000, 0x69980000, 0x91ac0000)
  object space 42496K, 31% used [0x67000000,0x67d03628,0x69980000)
 Metaspace       used 3938K, capacity 3974K, committed 3992K, reserved 4400K
}
Event: 3.598 GC heap before
{Heap before GC invocations=5 (full 0):
 PSYoungGen      total 66048K, used 66036K [0x91ac0000, 0x95dc0000, 0xa7000000)
  eden space 63488K, 100% used [0x91ac0000,0x958c0000,0x958c0000)
  from space 2560K, 99% used [0x95b40000,0x95dbd3b8,0x95dc0000)
  to   space 2560K, 0% used [0x958c0000,0x958c0000,0x95b40000)
 ParOldGen       total 42496K, used 13325K [0x67000000, 0x69980000, 0x91ac0000)
  object space 42496K, 31% used [0x67000000,0x67d03628,0x69980000)
 Metaspace       used 3994K, capacity 4038K, committed 4120K, reserved 4400K
Event: 3.697 GC heap after
Heap after GC invocations=5 (full 0):
 PSYoungGen      total 66048K, used 2557K [0x91ac0000, 0x9aec0000, 0xa7000000)
  eden space 63488K, 0% used [0x91ac0000,0x91ac0000,0x958c0000)
  from space 2560K, 99% used [0x958c0000,0x95b3f4f0,0x95b40000)
  to   space 12288K, 0% used [0x9a2c0000,0x9a2c0000,0x9aec0000)
 ParOldGen       total 42496K, used 21972K [0x67000000, 0x69980000, 0x91ac0000)
  object space 42496K, 51% used [0x67000000,0x68575108,0x69980000)
 Metaspace       used 3994K, capacity 4038K, committed 4120K, reserved 4400K
}
Event: 4.352 GC heap before
{Heap before GC invocations=6 (full 0):
 PSYoungGen      total 66048K, used 66045K [0x91ac0000, 0x9aec0000, 0xa7000000)
  eden space 63488K, 100% used [0x91ac0000,0x958c0000,0x958c0000)
  from space 2560K, 99% used [0x958c0000,0x95b3f4f0,0x95b40000)
  to   space 12288K, 0% used [0x9a2c0000,0x9a2c0000,0x9aec0000)
 ParOldGen       total 42496K, used 21972K [0x67000000, 0x69980000, 0x91ac0000)
  object space 42496K, 51% used [0x67000000,0x68575108,0x69980000)
 Metaspace       used 4026K, capacity 4070K, committed 4120K, reserved 4400K
Event: 4.442 GC heap after
Heap after GC invocations=6 (full 0):
 PSYoungGen      total 137216K, used 12106K [0x91ac0000, 0x9b2c0000, 0xa7000000)
  eden space 124928K, 0% used [0x91ac0000,0x91ac0000,0x994c0000)
  from space 12288K, 98% used [0x9a2c0000,0x9ae92810,0x9aec0000)
  to   space 14336K, 0% used [0x994c0000,0x994c0000,0x9a2c0000)
 ParOldGen       total 42496K, used 21972K [0x67000000, 0x69980000, 0x91ac0000)
  object space 42496K, 51% used [0x67000000,0x68575108,0x69980000)
 Metaspace       used 4026K, capacity 4070K, committed 4120K, reserved 4400K
}
Event: 7.260 GC heap before
{Heap before GC invocations=7 (full 0):
 PSYoungGen      total 137216K, used 137034K [0x91ac0000, 0x9b2c0000, 0xa7000000)
  eden space 124928K, 100% used [0x91ac0000,0x994c0000,0x994c0000)
  from space 12288K, 98% used [0x9a2c0000,0x9ae92810,0x9aec0000)
  to   space 14336K, 0% used [0x994c0000,0x994c0000,0x9a2c0000)
 ParOldGen       total 42496K, used 21972K [0x67000000, 0x69980000, 0x91ac0000)
  object space 42496K, 51% used [0x67000000,0x68575108,0x69980000)
 Metaspace       used 4327K, capacity 4358K, committed 4376K, reserved 4400K

